<?xml version="1.0" encoding="UTF-8"?>
<!-- Generated by org.testng.reporters.JUnitXMLReporter -->
<testsuite hostname="DESKTOP-5BDCR5P" ignored="0" name="com-orangehrmlive-pagefactorymodel" tests="2" failures="0" timestamp="2022-12-13T14:32:13 GMT" time="32.707" errors="0">
  <testcase name="userShouldLoginSuccessfullyWithValidCredentials" time="3.192" classname="com.orangehrmlive.demo.testsuite.LoginPageTest"/>
  <testcase name="userShouldNavigateToForgotPasswordPageSuccessfully" time="2.126" classname="com.orangehrmlive.demo.testsuite.LoginPageTest"/>
</testsuite> <!-- com-orangehrmlive-pagefactorymodel -->
